Using pre-set license
Built from '2021.2/staging' branch; Version is '2021.2.3f1 (32358a8527b4) revision 3290506'; Using compiler version '192829333'; Build Type 'Release'
OS: 'Windows 10 Pro; OS build 22000.348; Version 2009; 64bit' Language: 'en' Physical Memory: 32676 MB
BatchMode: 1, IsHumanControllingUs: 0, StartBugReporterOnCrash: 0, Is64bit: 1, IsPro: 0

COMMAND LINE ARGUMENTS:
C:\Program Files\Unity\Hub\Editor\2021.2.3f1\Editor\Unity.exe
-adb2
-batchMode
-noUpm
-name
AssetImportWorker0
-projectPath
F:/Documents/GitHub/AWN2PC_RELMAN
-logFile
Logs/AssetImportWorker0.log
-srvPort
62214
Successfully changed project path to: F:/Documents/GitHub/AWN2PC_RELMAN
F:/Documents/GitHub/AWN2PC_RELMAN
[UnityMemory] Configuration Parameters - Can be set up in boot.config
    "memorysetup-bucket-allocator-granularity=16"
    "memorysetup-bucket-allocator-bucket-count=8"
    "memorysetup-bucket-allocator-block-size=33554432"
    "memorysetup-bucket-allocator-block-count=8"
    "memorysetup-main-allocator-block-size=16777216"
    "memorysetup-thread-allocator-block-size=16777216"
    "memorysetup-gfx-main-allocator-block-size=16777216"
    "memorysetup-gfx-thread-allocator-block-size=16777216"
    "memorysetup-cache-allocator-block-size=4194304"
    "memorysetup-typetree-allocator-block-size=2097152"
    "memorysetup-profiler-bucket-allocator-granularity=16"
    "memorysetup-profiler-bucket-allocator-bucket-count=8"
    "memorysetup-profiler-bucket-allocator-block-size=33554432"
    "memorysetup-profiler-bucket-allocator-block-count=8"
    "memorysetup-profiler-allocator-block-size=16777216"
    "memorysetup-profiler-editor-allocator-block-size=1048576"
    "memorysetup-temp-allocator-size-main=16777216"
    "memorysetup-job-temp-allocator-block-size=2097152"
    "memorysetup-job-temp-allocator-block-size-background=1048576"
    "memorysetup-job-temp-allocator-reduction-small-platforms=262144"
    "memorysetup-temp-allocator-size-background-worker=32768"
    "memorysetup-temp-allocator-size-job-worker=262144"
    "memorysetup-temp-allocator-size-preload-manager=33554432"
    "memorysetup-temp-allocator-size-nav-mesh-worker=65536"
    "memorysetup-temp-allocator-size-audio-worker=65536"
    "memorysetup-temp-allocator-size-cloud-worker=32768"
    "memorysetup-temp-allocator-size-gi-baking-worker=262144"
    "memorysetup-temp-allocator-size-gfx=262144"
Refreshing native plugins compatible for Editor in 95.48 ms, found 5 plugins.
Preloading 0 native plugins for Editor in 0.00 ms.
Initialize engine version: 2021.2.3f1 (32358a8527b4)
[Subsystems] Discovering subsystems at path C:/Program Files/Unity/Hub/Editor/2021.2.3f1/Editor/Data/Resources/UnitySubsystems
[Subsystems] Discovering subsystems at path F:/Documents/GitHub/AWN2PC_RELMAN/Assets
GfxDevice: creating device client; threaded=0; jobified=0
Direct3D:
    Version:  Direct3D 11.0 [level 11.1]
    Renderer: NVIDIA GeForce RTX 3080 Ti (ID=0x2208)
    Vendor:   NVIDIA
    VRAM:     12108 MB
    Driver:   30.0.14.9709
Initialize mono
Mono path[0] = 'C:/Program Files/Unity/Hub/Editor/2021.2.3f1/Editor/Data/Managed'
Mono path[1] = 'C:/Program Files/Unity/Hub/Editor/2021.2.3f1/Editor/Data/MonoBleedingEdge/lib/mono/unityjit-win32'
Mono config path = 'C:/Program Files/Unity/Hub/Editor/2021.2.3f1/Editor/Data/MonoBleedingEdge/etc'
Using monoOptions --debugger-agent=transport=dt_socket,embedding=1,server=y,suspend=n,address=127.0.0.1:56056
Begin MonoManager ReloadAssembly
Registering precompiled unity dll's ...
Register platform support module: C:/Program Files/Unity/Hub/Editor/2021.2.3f1/Editor/Data/PlaybackEngines/WebGLSupport/UnityEditor.WebGL.Extensions.dll
Register platform support module: C:/Program Files/Unity/Hub/Editor/2021.2.3f1/Editor/Data/PlaybackEngines/WindowsStandaloneSupport/UnityEditor.WindowsStandalone.Extensions.dll
Registered in 0.004002 seconds.
Native extension for WindowsStandalone target not found
Native extension for WebGL target not found
Refreshing native plugins compatible for Editor in 95.19 ms, found 5 plugins.
Preloading 0 native plugins for Editor in 0.00 ms.
Mono: successfully reloaded assembly
- Completed reload, in  0.477 seconds
Domain Reload Profiling:
	ReloadAssembly (477ms)
		BeginReloadAssembly (49ms)
			ExecutionOrderSort (0ms)
			DisableScriptedObjects (0ms)
			BackupInstance (0ms)
			ReleaseScriptingObjects (0ms)
			CreateAndSetChildDomain (1ms)
		EndReloadAssembly (375ms)
			LoadAssemblies (47ms)
			RebuildTransferFunctionScriptingTraits (0ms)
			SetupTypeCache (68ms)
			ReleaseScriptCaches (0ms)
			RebuildScriptCaches (19ms)
			SetupLoadedEditorAssemblies (251ms)
				LogAssemblyErrors (0ms)
				InitializePlatformSupportModulesInManaged (12ms)
				SetLoadedEditorAssemblies (0ms)
				RefreshPlugins (95ms)
				BeforeProcessingInitializeOnLoad (1ms)
				ProcessInitializeOnLoadAttributes (105ms)
				ProcessInitializeOnLoadMethodAttributes (38ms)
				AfterProcessingInitializeOnLoad (0ms)
				EditorAssembliesLoaded (0ms)
			ExecutionOrderSort2 (0ms)
			AwakeInstancesAfterBackupRestoration (0ms)
Platform modules already initialized, skipping
Registering precompiled user dll's ...
Registered in 0.002412 seconds.
Begin MonoManager ReloadAssembly
Symbol file LoadedFromMemory doesn't match image F:\Documents\GitHub\AWN2PC_RELMAN\Library\PackageCache\com.unity.visualscripting@1.7.6\Editor\VisualScripting.Core\Dependencies\YamlDotNet\Unity.VisualScripting.YamlDotNet.dll
Symbol file LoadedFromMemory doesn't match image F:\Documents\GitHub\AWN2PC_RELMAN\Library\PackageCache\com.unity.visualscripting@1.7.6\Editor\VisualScripting.Core\Dependencies\DotNetZip\Unity.VisualScripting.IonicZip.dll
Native extension for WindowsStandalone target not found
Native extension for WebGL target not found
Refreshing native plugins compatible for Editor in 1.17 ms, found 5 plugins.
Preloading 0 native plugins for Editor in 0.00 ms.
Mono: successfully reloaded assembly
- Completed reload, in  0.933 seconds
Domain Reload Profiling:
	ReloadAssembly (934ms)
		BeginReloadAssembly (112ms)
			ExecutionOrderSort (0ms)
			DisableScriptedObjects (4ms)
			BackupInstance (0ms)
			ReleaseScriptingObjects (0ms)
			CreateAndSetChildDomain (15ms)
		EndReloadAssembly (756ms)
			LoadAssemblies (49ms)
			RebuildTransferFunctionScriptingTraits (0ms)
			SetupTypeCache (152ms)
			ReleaseScriptCaches (0ms)
			RebuildScriptCaches (41ms)
			SetupLoadedEditorAssemblies (448ms)
				LogAssemblyErrors (0ms)
				InitializePlatformSupportModulesInManaged (9ms)
				SetLoadedEditorAssemblies (0ms)
				RefreshPlugins (1ms)
				BeforeProcessingInitializeOnLoad (62ms)
				ProcessInitializeOnLoadAttributes (317ms)
				ProcessInitializeOnLoadMethodAttributes (54ms)
				AfterProcessingInitializeOnLoad (5ms)
				EditorAssembliesLoaded (0ms)
			ExecutionOrderSort2 (0ms)
			AwakeInstancesAfterBackupRestoration (5ms)
Platform modules already initialized, skipping
========================================================================
Worker process is ready to serve import requests
Launched and connected shader compiler UnityShaderCompiler.exe after 0.04 seconds
Refreshing native plugins compatible for Editor in 1.22 ms, found 5 plugins.
Preloading 0 native plugins for Editor in 0.00 ms.
Unloading 4148 Unused Serialized files (Serialized files now loaded: 0)
Unloading 170 unused Assets / (1.4 MB). Loaded Objects now: 4599.
Memory consumption went from 186.9 MB to 185.5 MB.
Total: 3.053200 ms (FindLiveObjects: 0.238600 ms CreateObjectMapping: 0.091100 ms MarkObjects: 2.347200 ms  DeleteObjects: 0.375600 ms)

AssetImportParameters requested are different than current active one (requested -> active):
  custom:video-decoder-ogg-theora: a1e56fd34408186e4bbccfd4996cb3dc -> 
  custom:container-muxer-webm: aa71ff27fc2769a1b78a27578f13a17b -> 
  custom:container-demuxer-webm: 4f35f7cbe854078d1ac9338744f61a02 -> 
  custom:video-encoder-webm-vp8: eb34c28f22e8b96e1ab97ce403110664 -> 
  custom:audio-encoder-webm-vorbis: bf7c407c2cedff20999df2af8eb42d56 -> 
  custom:framework-win-MediaFoundation: 216162199b28c13a410421893ffa2e32 -> 
  custom:container-demuxer-ogg: 62fdf1f143b41e24485cea50d1cbac27 -> 
  custom:video-decoder-webm-vp8: 9c59270c3fd7afecdb556c50c9e8de78 -> 
  custom:audio-decoder-ogg-vorbis: bf7c407c2cedff20999df2af8eb42d56 -> 
========================================================================
Received Import Request.
  Time since last request: 22217.435180 seconds.
  path: Assets/Scripts/BuildingExistence.cs
  artifactKey: Guid(244bdf933c197da4ebf7e27eae36608f) Importer(815301076,1909f56bfc062723c751e8b465ee728b)
Start importing Assets/Scripts/BuildingExistence.cs using Guid(244bdf933c197da4ebf7e27eae36608f) Importer(815301076,1909f56bfc062723c751e8b465ee728b)  -> (artifact id: '3439c9aa06261b2f82a9d768f6902828') in 0.021794 seconds 
========================================================================
Received Import Request.
  Time since last request: 2.817521 seconds.
  path: Assets/Scripts/CameraLocations.cs
  artifactKey: Guid(492dc0a297be41d40a33857b10a80597) Importer(815301076,1909f56bfc062723c751e8b465ee728b)
Start importing Assets/Scripts/CameraLocations.cs using Guid(492dc0a297be41d40a33857b10a80597) Importer(815301076,1909f56bfc062723c751e8b465ee728b)  -> (artifact id: '82089a5cf1bdbfadec418f6929451ca8') in 0.006752 seconds 
========================================================================
Received Import Request.
  Time since last request: 1.026838 seconds.
  path: Assets/Scripts/Faction.cs
  artifactKey: Guid(2e15cd0f4852de344b7d9c3581a758e7) Importer(815301076,1909f56bfc062723c751e8b465ee728b)
Start importing Assets/Scripts/Faction.cs using Guid(2e15cd0f4852de344b7d9c3581a758e7) Importer(815301076,1909f56bfc062723c751e8b465ee728b)  -> (artifact id: '73438b407b13fe3b548e43acc18d8c89') in 0.005932 seconds 
========================================================================
Received Import Request.
  Time since last request: 1.629919 seconds.
  path: Assets/Scripts/Family.cs
  artifactKey: Guid(47ccbd8d2bce17b42a1e5f03b501a511) Importer(815301076,1909f56bfc062723c751e8b465ee728b)
Start importing Assets/Scripts/Family.cs using Guid(47ccbd8d2bce17b42a1e5f03b501a511) Importer(815301076,1909f56bfc062723c751e8b465ee728b)  -> (artifact id: '3fd53f3c2765c8f68ea2b33bac7e34e1') in 0.006229 seconds 
========================================================================
Received Import Request.
  Time since last request: 10.456071 seconds.
  path: Assets/Scripts/Initialization.cs
  artifactKey: Guid(f05d5a1cbdc81be4ba2a3b3317ddedfc) Importer(815301076,1909f56bfc062723c751e8b465ee728b)
Start importing Assets/Scripts/Initialization.cs using Guid(f05d5a1cbdc81be4ba2a3b3317ddedfc) Importer(815301076,1909f56bfc062723c751e8b465ee728b)  -> (artifact id: 'a2da85cc089f0f980ab0b9d94b1ae2c3') in 0.005230 seconds 
========================================================================
Received Import Request.
  Time since last request: 0.707358 seconds.
  path: Assets/Scripts/GameManager.cs
  artifactKey: Guid(39358e744913dcc43a0fe0c5f5ba0efd) Importer(815301076,1909f56bfc062723c751e8b465ee728b)
Start importing Assets/Scripts/GameManager.cs using Guid(39358e744913dcc43a0fe0c5f5ba0efd) Importer(815301076,1909f56bfc062723c751e8b465ee728b)  -> (artifact id: '570a8cfad995496dde3c6d73ab323fc2') in 0.005612 seconds 
========================================================================
Received Import Request.
  Time since last request: 3.073894 seconds.
  path: Assets/Scripts/Interactable.cs
  artifactKey: Guid(b5a0abf04ecd7a24db687a3ad45775d4) Importer(815301076,1909f56bfc062723c751e8b465ee728b)
Start importing Assets/Scripts/Interactable.cs using Guid(b5a0abf04ecd7a24db687a3ad45775d4) Importer(815301076,1909f56bfc062723c751e8b465ee728b)  -> (artifact id: '4cd1bcc456b306801fb4bd168ff1636a') in 0.005314 seconds 
========================================================================
Received Import Request.
  Time since last request: 4.168409 seconds.
  path: Assets/Scripts/ItemInWorld.cs
  artifactKey: Guid(a36c7511b595fd84394d7d342a3a565b) Importer(815301076,1909f56bfc062723c751e8b465ee728b)
Start importing Assets/Scripts/ItemInWorld.cs using Guid(a36c7511b595fd84394d7d342a3a565b) Importer(815301076,1909f56bfc062723c751e8b465ee728b)  -> (artifact id: '8600087f3c58e01b71ee34597c8501d9') in 0.005342 seconds 
========================================================================
Received Import Request.
  Time since last request: 2.696987 seconds.
  path: Assets/Scripts/Job.cs
  artifactKey: Guid(3180a5ec42fc4b74dbaa5cfe1c3a9725) Importer(815301076,1909f56bfc062723c751e8b465ee728b)
Start importing Assets/Scripts/Job.cs using Guid(3180a5ec42fc4b74dbaa5cfe1c3a9725) Importer(815301076,1909f56bfc062723c751e8b465ee728b)  -> (artifact id: 'a7c6c2a956d91e824d2583752c9dde02') in 0.005582 seconds 
========================================================================
Received Import Request.
  Time since last request: 0.837362 seconds.
  path: Assets/Scripts/Lamp.cs
  artifactKey: Guid(eb4d3ed4deb62434680607c1a4ea7182) Importer(815301076,1909f56bfc062723c751e8b465ee728b)
Start importing Assets/Scripts/Lamp.cs using Guid(eb4d3ed4deb62434680607c1a4ea7182) Importer(815301076,1909f56bfc062723c751e8b465ee728b)  -> (artifact id: 'd9d865e7144acc1b22a76b923f1390d3') in 0.005073 seconds 
========================================================================
Received Import Request.
  Time since last request: 0.509204 seconds.
  path: Assets/Scripts/NiftyMath.cs
  artifactKey: Guid(e7b86a1204740204690c7a285d3ddb8f) Importer(815301076,1909f56bfc062723c751e8b465ee728b)
Start importing Assets/Scripts/NiftyMath.cs using Guid(e7b86a1204740204690c7a285d3ddb8f) Importer(815301076,1909f56bfc062723c751e8b465ee728b)  -> (artifact id: '769cb4769a48f3660fbba56f9e157ef0') in 0.005023 seconds 
========================================================================
Received Import Request.
  Time since last request: 1.401795 seconds.
  path: Assets/Scripts/NonPlayerCharacter.cs
  artifactKey: Guid(92bbf3ae3fb554e40832e09a7bc2e78d) Importer(815301076,1909f56bfc062723c751e8b465ee728b)
Start importing Assets/Scripts/NonPlayerCharacter.cs using Guid(92bbf3ae3fb554e40832e09a7bc2e78d) Importer(815301076,1909f56bfc062723c751e8b465ee728b)  -> (artifact id: '573679ea002ff0894dc0430d1193f578') in 0.005207 seconds 
========================================================================
Received Import Request.
  Time since last request: 1.435695 seconds.
  path: Assets/Scripts/Personality.cs
  artifactKey: Guid(4d276a088dcd8ae4e9f6c933abf466e5) Importer(815301076,1909f56bfc062723c751e8b465ee728b)
Start importing Assets/Scripts/Personality.cs using Guid(4d276a088dcd8ae4e9f6c933abf466e5) Importer(815301076,1909f56bfc062723c751e8b465ee728b)  -> (artifact id: 'f297cdfbaf5ad8204711864b33927a69') in 0.006145 seconds 
========================================================================
Received Import Request.
  Time since last request: 2.130568 seconds.
  path: Assets/Scripts/PlayerController.cs
  artifactKey: Guid(8d147aecdc0edae4681f4aaf0bf876c8) Importer(815301076,1909f56bfc062723c751e8b465ee728b)
Start importing Assets/Scripts/PlayerController.cs using Guid(8d147aecdc0edae4681f4aaf0bf876c8) Importer(815301076,1909f56bfc062723c751e8b465ee728b)  -> (artifact id: 'c74d03c1683b0ef4f2e99eb73055288e') in 0.005035 seconds 
========================================================================
Received Import Request.
  Time since last request: 68.440229 seconds.
  path: Assets/Scripts/RelationshipManager.cs
  artifactKey: Guid(9493bc1b57c494c48a7def2cce0559ac) Importer(815301076,1909f56bfc062723c751e8b465ee728b)
Start importing Assets/Scripts/RelationshipManager.cs using Guid(9493bc1b57c494c48a7def2cce0559ac) Importer(815301076,1909f56bfc062723c751e8b465ee728b)  -> (artifact id: '38b247045d4429f4f6589b7c119f1b8f') in 0.005678 seconds 
========================================================================
Received Prepare
Registering precompiled user dll's ...
Registered in 0.002789 seconds.
Begin MonoManager ReloadAssembly
Symbol file LoadedFromMemory doesn't match image F:\Documents\GitHub\AWN2PC_RELMAN\Library\PackageCache\com.unity.visualscripting@1.7.6\Editor\VisualScripting.Core\Dependencies\YamlDotNet\Unity.VisualScripting.YamlDotNet.dll
Symbol file LoadedFromMemory doesn't match image F:\Documents\GitHub\AWN2PC_RELMAN\Library\PackageCache\com.unity.visualscripting@1.7.6\Editor\VisualScripting.Core\Dependencies\DotNetZip\Unity.VisualScripting.IonicZip.dll
Native extension for WindowsStandalone target not found
Native extension for WebGL target not found
Refreshing native plugins compatible for Editor in 1.24 ms, found 5 plugins.
Preloading 0 native plugins for Editor in 0.00 ms.
Warning: Annotation not found!
UnityEngine.StackTraceUtility:ExtractStackTrace ()
UnityEditor.ProBuilder.EditorUtility:SetGizmoIconEnabled (System.Type,bool) (at Library/PackageCache/com.unity.probuilder@5.0.3/Editor/EditorCore/EditorUtility.cs:575)
UnityEditor.ProBuilder.HierarchyListener:.cctor () (at Library/PackageCache/com.unity.probuilder@5.0.3/Editor/EditorCore/HierarchyListener.cs:21)
System.Runtime.CompilerServices.RuntimeHelpers:RunClassConstructor (System.RuntimeTypeHandle)
UnityEditor.EditorAssemblies:ProcessInitializeOnLoadAttributes (System.Type[])

[Library/PackageCache/com.unity.probuilder@5.0.3/Editor/EditorCore/EditorUtility.cs line 575]

Mono: successfully reloaded assembly
- Completed reload, in  0.800 seconds
Domain Reload Profiling:
	ReloadAssembly (801ms)
		BeginReloadAssembly (120ms)
			ExecutionOrderSort (0ms)
			DisableScriptedObjects (3ms)
			BackupInstance (0ms)
			ReleaseScriptingObjects (0ms)
			CreateAndSetChildDomain (30ms)
		EndReloadAssembly (610ms)
			LoadAssemblies (56ms)
			RebuildTransferFunctionScriptingTraits (0ms)
			SetupTypeCache (170ms)
			ReleaseScriptCaches (1ms)
			RebuildScriptCaches (33ms)
			SetupLoadedEditorAssemblies (288ms)
				LogAssemblyErrors (0ms)
				InitializePlatformSupportModulesInManaged (9ms)
				SetLoadedEditorAssemblies (0ms)
				RefreshPlugins (1ms)
				BeforeProcessingInitializeOnLoad (44ms)
				ProcessInitializeOnLoadAttributes (180ms)
				ProcessInitializeOnLoadMethodAttributes (49ms)
				AfterProcessingInitializeOnLoad (5ms)
				EditorAssembliesLoaded (0ms)
			ExecutionOrderSort2 (0ms)
			AwakeInstancesAfterBackupRestoration (5ms)
Platform modules already initialized, skipping
Refreshing native plugins compatible for Editor in 1.22 ms, found 5 plugins.
Preloading 0 native plugins for Editor in 0.00 ms.
Unloading 4056 Unused Serialized files (Serialized files now loaded: 0)
Unloading 48 unused Assets / (1.4 MB). Loaded Objects now: 4614.
Memory consumption went from 180.7 MB to 179.3 MB.
Total: 2.701500 ms (FindLiveObjects: 0.207300 ms CreateObjectMapping: 0.087500 ms MarkObjects: 2.178300 ms  DeleteObjects: 0.227700 ms)

AssetImportParameters requested are different than current active one (requested -> active):
  custom:video-decoder-ogg-theora: a1e56fd34408186e4bbccfd4996cb3dc -> 
  custom:container-muxer-webm: aa71ff27fc2769a1b78a27578f13a17b -> 
  custom:container-demuxer-webm: 4f35f7cbe854078d1ac9338744f61a02 -> 
  custom:video-encoder-webm-vp8: eb34c28f22e8b96e1ab97ce403110664 -> 
  custom:audio-encoder-webm-vorbis: bf7c407c2cedff20999df2af8eb42d56 -> 
  custom:framework-win-MediaFoundation: 216162199b28c13a410421893ffa2e32 -> 
  custom:container-demuxer-ogg: 62fdf1f143b41e24485cea50d1cbac27 -> 
  custom:video-decoder-webm-vp8: 9c59270c3fd7afecdb556c50c9e8de78 -> 
  custom:audio-decoder-ogg-vorbis: bf7c407c2cedff20999df2af8eb42d56 -> 
