Using pre-set license
Built from '2021.2/staging' branch; Version is '2021.2.3f1 (32358a8527b4) revision 3290506'; Using compiler version '192829333'; Build Type 'Release'
OS: 'Windows 10 Pro; OS build 22000.348; Version 2009; 64bit' Language: 'en' Physical Memory: 32676 MB
BatchMode: 1, IsHumanControllingUs: 0, StartBugReporterOnCrash: 0, Is64bit: 1, IsPro: 0

COMMAND LINE ARGUMENTS:
C:\Program Files\Unity\Hub\Editor\2021.2.3f1\Editor\Unity.exe
-adb2
-batchMode
-noUpm
-name
AssetImportWorker5
-projectPath
F:/Documents/GitHub/AWN2PC_RELMAN
-logFile
Logs/AssetImportWorker5.log
-srvPort
55078
Successfully changed project path to: F:/Documents/GitHub/AWN2PC_RELMAN
F:/Documents/GitHub/AWN2PC_RELMAN
[UnityMemory] Configuration Parameters - Can be set up in boot.config
    "memorysetup-bucket-allocator-granularity=16"
    "memorysetup-bucket-allocator-bucket-count=8"
    "memorysetup-bucket-allocator-block-size=33554432"
    "memorysetup-bucket-allocator-block-count=8"
    "memorysetup-main-allocator-block-size=16777216"
    "memorysetup-thread-allocator-block-size=16777216"
    "memorysetup-gfx-main-allocator-block-size=16777216"
    "memorysetup-gfx-thread-allocator-block-size=16777216"
    "memorysetup-cache-allocator-block-size=4194304"
    "memorysetup-typetree-allocator-block-size=2097152"
    "memorysetup-profiler-bucket-allocator-granularity=16"
    "memorysetup-profiler-bucket-allocator-bucket-count=8"
    "memorysetup-profiler-bucket-allocator-block-size=33554432"
    "memorysetup-profiler-bucket-allocator-block-count=8"
    "memorysetup-profiler-allocator-block-size=16777216"
    "memorysetup-profiler-editor-allocator-block-size=1048576"
    "memorysetup-temp-allocator-size-main=16777216"
    "memorysetup-job-temp-allocator-block-size=2097152"
    "memorysetup-job-temp-allocator-block-size-background=1048576"
    "memorysetup-job-temp-allocator-reduction-small-platforms=262144"
    "memorysetup-temp-allocator-size-background-worker=32768"
    "memorysetup-temp-allocator-size-job-worker=262144"
    "memorysetup-temp-allocator-size-preload-manager=33554432"
    "memorysetup-temp-allocator-size-nav-mesh-worker=65536"
    "memorysetup-temp-allocator-size-audio-worker=65536"
    "memorysetup-temp-allocator-size-cloud-worker=32768"
    "memorysetup-temp-allocator-size-gi-baking-worker=262144"
    "memorysetup-temp-allocator-size-gfx=262144"
Refreshing native plugins compatible for Editor in 88.93 ms, found 5 plugins.
Preloading 0 native plugins for Editor in 0.00 ms.
Initialize engine version: 2021.2.3f1 (32358a8527b4)
[Subsystems] Discovering subsystems at path C:/Program Files/Unity/Hub/Editor/2021.2.3f1/Editor/Data/Resources/UnitySubsystems
[Subsystems] Discovering subsystems at path F:/Documents/GitHub/AWN2PC_RELMAN/Assets
GfxDevice: creating device client; threaded=0; jobified=0
Direct3D:
    Version:  Direct3D 11.0 [level 11.1]
    Renderer: NVIDIA GeForce RTX 3080 Ti (ID=0x2208)
    Vendor:   NVIDIA
    VRAM:     12108 MB
    Driver:   30.0.14.9676
Initialize mono
Mono path[0] = 'C:/Program Files/Unity/Hub/Editor/2021.2.3f1/Editor/Data/Managed'
Mono path[1] = 'C:/Program Files/Unity/Hub/Editor/2021.2.3f1/Editor/Data/MonoBleedingEdge/lib/mono/unityjit-win32'
Mono config path = 'C:/Program Files/Unity/Hub/Editor/2021.2.3f1/Editor/Data/MonoBleedingEdge/etc'
Using monoOptions --debugger-agent=transport=dt_socket,embedding=1,server=y,suspend=n,address=127.0.0.1:56216
Begin MonoManager ReloadAssembly
Registering precompiled unity dll's ...
Register platform support module: C:/Program Files/Unity/Hub/Editor/2021.2.3f1/Editor/Data/PlaybackEngines/WindowsStandaloneSupport/UnityEditor.WindowsStandalone.Extensions.dll
Registered in 0.004715 seconds.
Native extension for WindowsStandalone target not found
Refreshing native plugins compatible for Editor in 89.22 ms, found 5 plugins.
Preloading 0 native plugins for Editor in 0.00 ms.
Mono: successfully reloaded assembly
- Completed reload, in  0.491 seconds
Domain Reload Profiling:
	ReloadAssembly (491ms)
		BeginReloadAssembly (52ms)
			ExecutionOrderSort (0ms)
			DisableScriptedObjects (0ms)
			BackupInstance (0ms)
			ReleaseScriptingObjects (0ms)
			CreateAndSetChildDomain (1ms)
		EndReloadAssembly (382ms)
			LoadAssemblies (50ms)
			RebuildTransferFunctionScriptingTraits (0ms)
			SetupTypeCache (74ms)
			ReleaseScriptCaches (0ms)
			RebuildScriptCaches (21ms)
			SetupLoadedEditorAssemblies (247ms)
				LogAssemblyErrors (0ms)
				InitializePlatformSupportModulesInManaged (10ms)
				SetLoadedEditorAssemblies (0ms)
				RefreshPlugins (89ms)
				BeforeProcessingInitializeOnLoad (1ms)
				ProcessInitializeOnLoadAttributes (110ms)
				ProcessInitializeOnLoadMethodAttributes (36ms)
				AfterProcessingInitializeOnLoad (0ms)
				EditorAssembliesLoaded (0ms)
			ExecutionOrderSort2 (0ms)
			AwakeInstancesAfterBackupRestoration (0ms)
Platform modules already initialized, skipping
Registering precompiled user dll's ...
Registered in 0.002609 seconds.
Begin MonoManager ReloadAssembly
Symbol file LoadedFromMemory doesn't match image F:\Documents\GitHub\AWN2PC_RELMAN\Library\PackageCache\com.unity.visualscripting@1.7.6\Editor\VisualScripting.Core\Dependencies\YamlDotNet\Unity.VisualScripting.YamlDotNet.dll
Symbol file LoadedFromMemory doesn't match image F:\Documents\GitHub\AWN2PC_RELMAN\Library\PackageCache\com.unity.visualscripting@1.7.6\Editor\VisualScripting.Core\Dependencies\DotNetZip\Unity.VisualScripting.IonicZip.dll
Native extension for WindowsStandalone target not found
Refreshing native plugins compatible for Editor in 1.12 ms, found 5 plugins.
Preloading 0 native plugins for Editor in 0.00 ms.
Mono: successfully reloaded assembly
- Completed reload, in  0.976 seconds
Domain Reload Profiling:
	ReloadAssembly (976ms)
		BeginReloadAssembly (128ms)
			ExecutionOrderSort (0ms)
			DisableScriptedObjects (4ms)
			BackupInstance (0ms)
			ReleaseScriptingObjects (0ms)
			CreateAndSetChildDomain (22ms)
		EndReloadAssembly (770ms)
			LoadAssemblies (54ms)
			RebuildTransferFunctionScriptingTraits (0ms)
			SetupTypeCache (160ms)
			ReleaseScriptCaches (0ms)
			RebuildScriptCaches (43ms)
			SetupLoadedEditorAssemblies (448ms)
				LogAssemblyErrors (0ms)
				InitializePlatformSupportModulesInManaged (9ms)
				SetLoadedEditorAssemblies (0ms)
				RefreshPlugins (1ms)
				BeforeProcessingInitializeOnLoad (64ms)
				ProcessInitializeOnLoadAttributes (315ms)
				ProcessInitializeOnLoadMethodAttributes (54ms)
				AfterProcessingInitializeOnLoad (5ms)
				EditorAssembliesLoaded (0ms)
			ExecutionOrderSort2 (0ms)
			AwakeInstancesAfterBackupRestoration (5ms)
Platform modules already initialized, skipping
========================================================================
Worker process is ready to serve import requests
Launched and connected shader compiler UnityShaderCompiler.exe after 0.04 seconds
Refreshing native plugins compatible for Editor in 1.44 ms, found 5 plugins.
Preloading 0 native plugins for Editor in 0.00 ms.
Unloading 3897 Unused Serialized files (Serialized files now loaded: 0)
Unloading 151 unused Assets / (177.1 KB). Loaded Objects now: 4339.
Memory consumption went from 153.0 MB to 152.8 MB.
Total: 3.389700 ms (FindLiveObjects: 0.386300 ms CreateObjectMapping: 0.096200 ms MarkObjects: 2.685500 ms  DeleteObjects: 0.220500 ms)

AssetImportParameters requested are different than current active one (requested -> active):
  custom:video-decoder-ogg-theora: a1e56fd34408186e4bbccfd4996cb3dc -> 
  custom:container-muxer-webm: aa71ff27fc2769a1b78a27578f13a17b -> 
  custom:container-demuxer-webm: 4f35f7cbe854078d1ac9338744f61a02 -> 
  custom:video-encoder-webm-vp8: eb34c28f22e8b96e1ab97ce403110664 -> 
  custom:audio-encoder-webm-vorbis: bf7c407c2cedff20999df2af8eb42d56 -> 
  custom:framework-win-MediaFoundation: 216162199b28c13a410421893ffa2e32 -> 
  custom:container-demuxer-ogg: 62fdf1f143b41e24485cea50d1cbac27 -> 
  custom:video-decoder-webm-vp8: 9c59270c3fd7afecdb556c50c9e8de78 -> 
  custom:audio-decoder-ogg-vorbis: bf7c407c2cedff20999df2af8eb42d56 -> 
========================================================================
Received Import Request.
  Time since last request: 20390.421354 seconds.
  path: Assets/PolygonFantasyKingdom/Models/Convex/SM_Wep_Mod_Spear_Head_04_Convex.asset
  artifactKey: Guid(c2ddc8189ef34a5449f3e18c39a2ab51) Importer(815301076,1909f56bfc062723c751e8b465ee728b)
Start importing Assets/PolygonFantasyKingdom/Models/Convex/SM_Wep_Mod_Spear_Head_04_Convex.asset using Guid(c2ddc8189ef34a5449f3e18c39a2ab51) Importer(815301076,1909f56bfc062723c751e8b465ee728b)  -> (artifact id: '144da2b6cae6f102174fad2ed3df0538') in 0.100539 seconds 
========================================================================
Received Import Request.
  Time since last request: 0.000020 seconds.
  path: Assets/PolygonFantasyKingdom/Models/Convex/SM_Bld_Castle_Wall_Pillars_Half_Corner_M_02_Convex.asset
  artifactKey: Guid(ab93416c550f44b44b0aa7a3ec9a78f3) Importer(815301076,1909f56bfc062723c751e8b465ee728b)
Start importing Assets/PolygonFantasyKingdom/Models/Convex/SM_Bld_Castle_Wall_Pillars_Half_Corner_M_02_Convex.asset using Guid(ab93416c550f44b44b0aa7a3ec9a78f3) Importer(815301076,1909f56bfc062723c751e8b465ee728b)  -> (artifact id: '46b0be7c3e2e0ad32030c0ca435bc1fc') in 0.014330 seconds 
========================================================================
Received Import Request.
  Time since last request: 0.000017 seconds.
  path: Assets/PolygonFantasyKingdom/Models/Convex/SM_Env_Bridge_Stone_01_Convex 3.asset
  artifactKey: Guid(568ed7904da47e24fba03e7fe75afa79) Importer(815301076,1909f56bfc062723c751e8b465ee728b)
Start importing Assets/PolygonFantasyKingdom/Models/Convex/SM_Env_Bridge_Stone_01_Convex 3.asset using Guid(568ed7904da47e24fba03e7fe75afa79) Importer(815301076,1909f56bfc062723c751e8b465ee728b)  -> (artifact id: '10e5682b3dcd3ee988aa9193a30ed4b8') in 0.049890 seconds 
========================================================================
Received Import Request.
  Time since last request: 0.000016 seconds.
  path: Assets/PolygonFantasyKingdom/Models/Convex/SM_Prop_Mortar_And_Pestle_01_Convex.asset
  artifactKey: Guid(bc46899bc1fc08d4d8f19a82aada514e) Importer(815301076,1909f56bfc062723c751e8b465ee728b)
Start importing Assets/PolygonFantasyKingdom/Models/Convex/SM_Prop_Mortar_And_Pestle_01_Convex.asset using Guid(bc46899bc1fc08d4d8f19a82aada514e) Importer(815301076,1909f56bfc062723c751e8b465ee728b)  -> (artifact id: '226c2e5fbb65429d7b07b3ad7c66661f') in 0.016008 seconds 
========================================================================
Received Import Request.
  Time since last request: 0.000019 seconds.
  path: Assets/PolygonFantasyKingdom/Models/Convex/SM_Item_Cutlery_Spoon_01_Convex.asset
  artifactKey: Guid(48f41f7e11e92e341bf004a41c813035) Importer(815301076,1909f56bfc062723c751e8b465ee728b)
Start importing Assets/PolygonFantasyKingdom/Models/Convex/SM_Item_Cutlery_Spoon_01_Convex.asset using Guid(48f41f7e11e92e341bf004a41c813035) Importer(815301076,1909f56bfc062723c751e8b465ee728b)  -> (artifact id: '831350ddba8e60aed81ef19de58d6b40') in 0.014138 seconds 
========================================================================
Received Import Request.
  Time since last request: 0.000023 seconds.
  path: Assets/PolygonFantasyKingdom/Models/Convex/SM_Bld_Castle_Wall_Pillars_Half_Corner_S_01_Convex.asset
  artifactKey: Guid(fce301de6ad9158449129f8502d83362) Importer(815301076,1909f56bfc062723c751e8b465ee728b)
Start importing Assets/PolygonFantasyKingdom/Models/Convex/SM_Bld_Castle_Wall_Pillars_Half_Corner_S_01_Convex.asset using Guid(fce301de6ad9158449129f8502d83362) Importer(815301076,1909f56bfc062723c751e8b465ee728b)  -> (artifact id: '87bd622139b191c470fd9cad5eb9d0f3') in 0.012583 seconds 
========================================================================
Received Import Request.
  Time since last request: 0.000029 seconds.
  path: Assets/PolygonFantasyKingdom/Models/Convex/SM_Prop_Sign_Wood_01_Convex.asset
  artifactKey: Guid(a31490778ef1bfb479888106dc82d065) Importer(815301076,1909f56bfc062723c751e8b465ee728b)
Start importing Assets/PolygonFantasyKingdom/Models/Convex/SM_Prop_Sign_Wood_01_Convex.asset using Guid(a31490778ef1bfb479888106dc82d065) Importer(815301076,1909f56bfc062723c751e8b465ee728b)  -> (artifact id: '1cc569d0db6de68fe9782112c6719be3') in 0.011389 seconds 
========================================================================
Received Import Request.
  Time since last request: 0.000023 seconds.
  path: Assets/PolygonFantasyKingdom/Models/Convex/SM_Env_Big_Tree_01_Convex 2.asset
  artifactKey: Guid(f0c5f559453dc72439c80cd6c425cecf) Importer(815301076,1909f56bfc062723c751e8b465ee728b)
Start importing Assets/PolygonFantasyKingdom/Models/Convex/SM_Env_Big_Tree_01_Convex 2.asset using Guid(f0c5f559453dc72439c80cd6c425cecf) Importer(815301076,1909f56bfc062723c751e8b465ee728b)  -> (artifact id: '4146e4bf3fab47b0a5becd6a1fafb418') in 0.032749 seconds 
========================================================================
Received Import Request.
  Time since last request: 0.000022 seconds.
  path: Assets/PolygonFantasyKingdom/Models/Convex/SM_Prop_Crate_Wood_01_Convex.asset
  artifactKey: Guid(bbd25d054d35b0e4e9f33d8221d7139e) Importer(815301076,1909f56bfc062723c751e8b465ee728b)
Start importing Assets/PolygonFantasyKingdom/Models/Convex/SM_Prop_Crate_Wood_01_Convex.asset using Guid(bbd25d054d35b0e4e9f33d8221d7139e) Importer(815301076,1909f56bfc062723c751e8b465ee728b)  -> (artifact id: '8272d5124fa0310538c81f107543f923') in 0.011915 seconds 
========================================================================
Received Import Request.
  Time since last request: 0.000023 seconds.
  path: Assets/PolygonFantasyKingdom/Models/Convex/SM_Bld_Castle_Wall_Door_Big_01_Convex 1.asset
  artifactKey: Guid(1726ab30b8dd5384cb8e46a3c9c906d2) Importer(815301076,1909f56bfc062723c751e8b465ee728b)
Start importing Assets/PolygonFantasyKingdom/Models/Convex/SM_Bld_Castle_Wall_Door_Big_01_Convex 1.asset using Guid(1726ab30b8dd5384cb8e46a3c9c906d2) Importer(815301076,1909f56bfc062723c751e8b465ee728b)  -> (artifact id: '87f295d64e7663822ecb3b03887c8112') in 0.019953 seconds 
========================================================================
Received Import Request.
  Time since last request: 0.000030 seconds.
  path: Assets/PolygonFantasyKingdom/Models/Convex/SM_Prop_Curtain_Large_02_Convex.asset
  artifactKey: Guid(871d8228d34c1d643aabaeb4a8d7cff2) Importer(815301076,1909f56bfc062723c751e8b465ee728b)
Start importing Assets/PolygonFantasyKingdom/Models/Convex/SM_Prop_Curtain_Large_02_Convex.asset using Guid(871d8228d34c1d643aabaeb4a8d7cff2) Importer(815301076,1909f56bfc062723c751e8b465ee728b)  -> (artifact id: 'ec12bb9d25ee0dc522334a3e0ec75fcb') in 0.012088 seconds 
========================================================================
Received Import Request.
  Time since last request: 0.000021 seconds.
  path: Assets/PolygonFantasyKingdom/Models/Convex/SM_Prop_Flag_06_Convex.asset
  artifactKey: Guid(cb954de87b61b16438890b8ff1e3ee5b) Importer(815301076,1909f56bfc062723c751e8b465ee728b)
Start importing Assets/PolygonFantasyKingdom/Models/Convex/SM_Prop_Flag_06_Convex.asset using Guid(cb954de87b61b16438890b8ff1e3ee5b) Importer(815301076,1909f56bfc062723c751e8b465ee728b)  -> (artifact id: '5765aa7fd7c9e515ef103a7dbcf69a14') in 0.010777 seconds 
========================================================================
Received Import Request.
  Time since last request: 0.000023 seconds.
  path: Assets/PolygonFantasyKingdom/Models/Convex/SM_Prop_Barrel_01_Convex.asset
  artifactKey: Guid(18bdadcd56cafef4e957c693a3bb062e) Importer(815301076,1909f56bfc062723c751e8b465ee728b)
Start importing Assets/PolygonFantasyKingdom/Models/Convex/SM_Prop_Barrel_01_Convex.asset using Guid(18bdadcd56cafef4e957c693a3bb062e) Importer(815301076,1909f56bfc062723c751e8b465ee728b)  -> (artifact id: '58ec860d1788b86c12a60509d6796b17') in 0.010962 seconds 
========================================================================
Received Import Request.
  Time since last request: 0.000023 seconds.
  path: Assets/PolygonFantasyKingdom/Models/Convex/SM_Bld_Waterwheel_01_Convex 2.asset
  artifactKey: Guid(e013a26b13291464bb4a7716698530d4) Importer(815301076,1909f56bfc062723c751e8b465ee728b)
Start importing Assets/PolygonFantasyKingdom/Models/Convex/SM_Bld_Waterwheel_01_Convex 2.asset using Guid(e013a26b13291464bb4a7716698530d4) Importer(815301076,1909f56bfc062723c751e8b465ee728b)  -> (artifact id: '761b055264d5b78be6b7efd0f9ef2191') in 0.033302 seconds 
Editor requested this worker to shutdown with reason: Scaling down because of idle timeout
AssetImportWorker is now disconnected from the server
Process exiting
Exiting without the bug reporter. Application will terminate with return code 0