Using pre-set license
Built from '2021.2/staging' branch; Version is '2021.2.3f1 (32358a8527b4) revision 3290506'; Using compiler version '192829333'; Build Type 'Release'
OS: 'Windows 10 Pro; OS build 22000.348; Version 2009; 64bit' Language: 'en' Physical Memory: 32677 MB
BatchMode: 1, IsHumanControllingUs: 0, StartBugReporterOnCrash: 0, Is64bit: 1, IsPro: 0

COMMAND LINE ARGUMENTS:
C:\Program Files\Unity\Hub\Editor\2021.2.3f1\Editor\Unity.exe
-adb2
-batchMode
-noUpm
-name
AssetImportWorker4
-projectPath
F:/Documents/GitHub/AWN2PC_RELMAN
-logFile
Logs/AssetImportWorker4.log
-srvPort
54666
Successfully changed project path to: F:/Documents/GitHub/AWN2PC_RELMAN
F:/Documents/GitHub/AWN2PC_RELMAN
[UnityMemory] Configuration Parameters - Can be set up in boot.config
    "memorysetup-bucket-allocator-granularity=16"
    "memorysetup-bucket-allocator-bucket-count=8"
    "memorysetup-bucket-allocator-block-size=33554432"
    "memorysetup-bucket-allocator-block-count=8"
    "memorysetup-main-allocator-block-size=16777216"
    "memorysetup-thread-allocator-block-size=16777216"
    "memorysetup-gfx-main-allocator-block-size=16777216"
    "memorysetup-gfx-thread-allocator-block-size=16777216"
    "memorysetup-cache-allocator-block-size=4194304"
    "memorysetup-typetree-allocator-block-size=2097152"
    "memorysetup-profiler-bucket-allocator-granularity=16"
    "memorysetup-profiler-bucket-allocator-bucket-count=8"
    "memorysetup-profiler-bucket-allocator-block-size=33554432"
    "memorysetup-profiler-bucket-allocator-block-count=8"
    "memorysetup-profiler-allocator-block-size=16777216"
    "memorysetup-profiler-editor-allocator-block-size=1048576"
    "memorysetup-temp-allocator-size-main=16777216"
    "memorysetup-job-temp-allocator-block-size=2097152"
    "memorysetup-job-temp-allocator-block-size-background=1048576"
    "memorysetup-job-temp-allocator-reduction-small-platforms=262144"
    "memorysetup-temp-allocator-size-background-worker=32768"
    "memorysetup-temp-allocator-size-job-worker=262144"
    "memorysetup-temp-allocator-size-preload-manager=33554432"
    "memorysetup-temp-allocator-size-nav-mesh-worker=65536"
    "memorysetup-temp-allocator-size-audio-worker=65536"
    "memorysetup-temp-allocator-size-cloud-worker=32768"
    "memorysetup-temp-allocator-size-gi-baking-worker=262144"
    "memorysetup-temp-allocator-size-gfx=262144"
Refreshing native plugins compatible for Editor in 99.27 ms, found 5 plugins.
Preloading 0 native plugins for Editor in 0.00 ms.
Initialize engine version: 2021.2.3f1 (32358a8527b4)
[Subsystems] Discovering subsystems at path C:/Program Files/Unity/Hub/Editor/2021.2.3f1/Editor/Data/Resources/UnitySubsystems
[Subsystems] Discovering subsystems at path F:/Documents/GitHub/AWN2PC_RELMAN/Assets
GfxDevice: creating device client; threaded=0; jobified=0
Direct3D:
    Version:  Direct3D 11.0 [level 11.1]
    Renderer: NVIDIA GeForce RTX 3080 Ti (ID=0x2208)
    Vendor:   NVIDIA
    VRAM:     12108 MB
    Driver:   30.0.14.9676
Initialize mono
Mono path[0] = 'C:/Program Files/Unity/Hub/Editor/2021.2.3f1/Editor/Data/Managed'
Mono path[1] = 'C:/Program Files/Unity/Hub/Editor/2021.2.3f1/Editor/Data/MonoBleedingEdge/lib/mono/unityjit-win32'
Mono config path = 'C:/Program Files/Unity/Hub/Editor/2021.2.3f1/Editor/Data/MonoBleedingEdge/etc'
Using monoOptions --debugger-agent=transport=dt_socket,embedding=1,server=y,suspend=n,address=127.0.0.1:56196
Begin MonoManager ReloadAssembly
Registering precompiled unity dll's ...
Register platform support module: C:/Program Files/Unity/Hub/Editor/2021.2.3f1/Editor/Data/PlaybackEngines/WindowsStandaloneSupport/UnityEditor.WindowsStandalone.Extensions.dll
Registered in 0.003560 seconds.
Native extension for WindowsStandalone target not found
Refreshing native plugins compatible for Editor in 114.67 ms, found 5 plugins.
Preloading 0 native plugins for Editor in 0.00 ms.
Mono: successfully reloaded assembly
- Completed reload, in  0.575 seconds
Domain Reload Profiling:
	ReloadAssembly (576ms)
		BeginReloadAssembly (59ms)
			ExecutionOrderSort (0ms)
			DisableScriptedObjects (0ms)
			BackupInstance (0ms)
			ReleaseScriptingObjects (0ms)
			CreateAndSetChildDomain (1ms)
		EndReloadAssembly (459ms)
			LoadAssemblies (57ms)
			RebuildTransferFunctionScriptingTraits (0ms)
			SetupTypeCache (91ms)
			ReleaseScriptCaches (0ms)
			RebuildScriptCaches (22ms)
			SetupLoadedEditorAssemblies (297ms)
				LogAssemblyErrors (0ms)
				InitializePlatformSupportModulesInManaged (14ms)
				SetLoadedEditorAssemblies (0ms)
				RefreshPlugins (115ms)
				BeforeProcessingInitializeOnLoad (1ms)
				ProcessInitializeOnLoadAttributes (127ms)
				ProcessInitializeOnLoadMethodAttributes (41ms)
				AfterProcessingInitializeOnLoad (0ms)
				EditorAssembliesLoaded (0ms)
			ExecutionOrderSort2 (0ms)
			AwakeInstancesAfterBackupRestoration (0ms)
Platform modules already initialized, skipping
Registering precompiled user dll's ...
Registered in 0.004236 seconds.
Begin MonoManager ReloadAssembly
Symbol file LoadedFromMemory doesn't match image F:\Documents\GitHub\AWN2PC_RELMAN\Library\PackageCache\com.unity.visualscripting@1.7.6\Editor\VisualScripting.Core\Dependencies\YamlDotNet\Unity.VisualScripting.YamlDotNet.dll
Symbol file LoadedFromMemory doesn't match image F:\Documents\GitHub\AWN2PC_RELMAN\Library\PackageCache\com.unity.visualscripting@1.7.6\Editor\VisualScripting.Core\Dependencies\DotNetZip\Unity.VisualScripting.IonicZip.dll
Native extension for WindowsStandalone target not found
Refreshing native plugins compatible for Editor in 1.30 ms, found 5 plugins.
Preloading 0 native plugins for Editor in 0.00 ms.
Mono: successfully reloaded assembly
- Completed reload, in  0.927 seconds
Domain Reload Profiling:
	ReloadAssembly (928ms)
		BeginReloadAssembly (109ms)
			ExecutionOrderSort (0ms)
			DisableScriptedObjects (4ms)
			BackupInstance (0ms)
			ReleaseScriptingObjects (0ms)
			CreateAndSetChildDomain (16ms)
		EndReloadAssembly (753ms)
			LoadAssemblies (46ms)
			RebuildTransferFunctionScriptingTraits (0ms)
			SetupTypeCache (177ms)
			ReleaseScriptCaches (1ms)
			RebuildScriptCaches (42ms)
			SetupLoadedEditorAssemblies (419ms)
				LogAssemblyErrors (0ms)
				InitializePlatformSupportModulesInManaged (8ms)
				SetLoadedEditorAssemblies (0ms)
				RefreshPlugins (1ms)
				BeforeProcessingInitializeOnLoad (57ms)
				ProcessInitializeOnLoadAttributes (295ms)
				ProcessInitializeOnLoadMethodAttributes (53ms)
				AfterProcessingInitializeOnLoad (5ms)
				EditorAssembliesLoaded (0ms)
			ExecutionOrderSort2 (0ms)
			AwakeInstancesAfterBackupRestoration (5ms)
Platform modules already initialized, skipping
========================================================================
Worker process is ready to serve import requests
Launched and connected shader compiler UnityShaderCompiler.exe after 0.05 seconds
Refreshing native plugins compatible for Editor in 1.50 ms, found 5 plugins.
Preloading 0 native plugins for Editor in 0.00 ms.
Unloading 3891 Unused Serialized files (Serialized files now loaded: 0)
Unloading 151 unused Assets / (185.6 KB). Loaded Objects now: 4331.
Memory consumption went from 152.5 MB to 152.3 MB.
Total: 5.106800 ms (FindLiveObjects: 0.426500 ms CreateObjectMapping: 0.105800 ms MarkObjects: 4.099600 ms  DeleteObjects: 0.473700 ms)

AssetImportParameters requested are different than current active one (requested -> active):
  custom:video-decoder-ogg-theora: a1e56fd34408186e4bbccfd4996cb3dc -> 
  custom:container-muxer-webm: aa71ff27fc2769a1b78a27578f13a17b -> 
  custom:container-demuxer-webm: 4f35f7cbe854078d1ac9338744f61a02 -> 
  custom:video-encoder-webm-vp8: eb34c28f22e8b96e1ab97ce403110664 -> 
  custom:audio-encoder-webm-vorbis: bf7c407c2cedff20999df2af8eb42d56 -> 
  custom:framework-win-MediaFoundation: 216162199b28c13a410421893ffa2e32 -> 
  custom:container-demuxer-ogg: 62fdf1f143b41e24485cea50d1cbac27 -> 
  custom:video-decoder-webm-vp8: 9c59270c3fd7afecdb556c50c9e8de78 -> 
  custom:audio-decoder-ogg-vorbis: bf7c407c2cedff20999df2af8eb42d56 -> 
========================================================================
Received Import Request.
  Time since last request: 2345.521083 seconds.
  path: Assets/PolygonFantasyKingdom/Prefabs/Castle/SM_Bld_Keep_Pillar_Cap_01.prefab
  artifactKey: Guid(cc84c1cbf02be5149aeebfc6195cdbdc) Importer(815301076,1909f56bfc062723c751e8b465ee728b)
Start importing Assets/PolygonFantasyKingdom/Prefabs/Castle/SM_Bld_Keep_Pillar_Cap_01.prefab using Guid(cc84c1cbf02be5149aeebfc6195cdbdc) Importer(815301076,1909f56bfc062723c751e8b465ee728b)  -> (artifact id: '63382237be9b3b097a26b08a8d0177a4') in 0.133334 seconds 
========================================================================
Received Import Request.
  Time since last request: 0.000017 seconds.
  path: Assets/PolygonFantasyKingdom/Prefabs/Castle/SM_Bld_Stairs_Round_S_Wood_Floor_01.prefab
  artifactKey: Guid(172f5489879e6364cae307bb6d6e7517) Importer(815301076,1909f56bfc062723c751e8b465ee728b)
Start importing Assets/PolygonFantasyKingdom/Prefabs/Castle/SM_Bld_Stairs_Round_S_Wood_Floor_01.prefab using Guid(172f5489879e6364cae307bb6d6e7517) Importer(815301076,1909f56bfc062723c751e8b465ee728b)  -> (artifact id: '8dd6ca28c59adf98fc1589aaf04b477f') in 0.048569 seconds 
========================================================================
Received Import Request.
  Time since last request: 0.000017 seconds.
  path: Assets/PolygonFantasyKingdom/Prefabs/Castle/SM_Bld_Castle_Wall_Pillars_Half_Corner_S_02.prefab
  artifactKey: Guid(5f1b0c46dd688fc4a8bca1c22ded4035) Importer(815301076,1909f56bfc062723c751e8b465ee728b)
Start importing Assets/PolygonFantasyKingdom/Prefabs/Castle/SM_Bld_Castle_Wall_Pillars_Half_Corner_S_02.prefab using Guid(5f1b0c46dd688fc4a8bca1c22ded4035) Importer(815301076,1909f56bfc062723c751e8b465ee728b)  -> (artifact id: '30b87fe509c836211b06af1257fe7298') in 0.026707 seconds 
========================================================================
Received Import Request.
  Time since last request: 0.000037 seconds.
  path: Assets/PolygonFantasyKingdom/Prefabs/Castle/SM_Bld_Castle_Wood_Floor_Gap_02.prefab
  artifactKey: Guid(a293fae7457843c42aa9dd37245f4abc) Importer(815301076,1909f56bfc062723c751e8b465ee728b)
Start importing Assets/PolygonFantasyKingdom/Prefabs/Castle/SM_Bld_Castle_Wood_Floor_Gap_02.prefab using Guid(a293fae7457843c42aa9dd37245f4abc) Importer(815301076,1909f56bfc062723c751e8b465ee728b)  -> (artifact id: 'dff8e7ec7e15ae1872d586c9442aade0') in 0.050683 seconds 
========================================================================
Received Import Request.
  Time since last request: 0.000025 seconds.
  path: Assets/PolygonFantasyKingdom/Prefabs/Castle/SM_Bld_Castle_Wall_Tower_L_01.prefab
  artifactKey: Guid(5bac2e5b67a92154ea5b4afa2d695044) Importer(815301076,1909f56bfc062723c751e8b465ee728b)
Start importing Assets/PolygonFantasyKingdom/Prefabs/Castle/SM_Bld_Castle_Wall_Tower_L_01.prefab using Guid(5bac2e5b67a92154ea5b4afa2d695044) Importer(815301076,1909f56bfc062723c751e8b465ee728b)  -> (artifact id: '69f233205b62ca22f1c3fc9bfe65ff27') in 0.033149 seconds 
========================================================================
Received Import Request.
  Time since last request: 0.000027 seconds.
  path: Assets/PolygonFantasyKingdom/Prefabs/Castle/SM_Bld_Wall_Wood_Beams_Half_02.prefab
  artifactKey: Guid(cf7fba01bdd6db945bfe2e756ad26efa) Importer(815301076,1909f56bfc062723c751e8b465ee728b)
Start importing Assets/PolygonFantasyKingdom/Prefabs/Castle/SM_Bld_Wall_Wood_Beams_Half_02.prefab using Guid(cf7fba01bdd6db945bfe2e756ad26efa) Importer(815301076,1909f56bfc062723c751e8b465ee728b)  -> (artifact id: 'baf22b51f4064ec632dd10de5f4cbe9e') in 0.052721 seconds 
========================================================================
Received Import Request.
  Time since last request: 0.000026 seconds.
  path: Assets/PolygonFantasyKingdom/Prefabs/Castle/SM_Bld_Stairs_Round_S_01.prefab
  artifactKey: Guid(c885d57a3c9a1294cbfba15ba3d8d71e) Importer(815301076,1909f56bfc062723c751e8b465ee728b)
Start importing Assets/PolygonFantasyKingdom/Prefabs/Castle/SM_Bld_Stairs_Round_S_01.prefab using Guid(c885d57a3c9a1294cbfba15ba3d8d71e) Importer(815301076,1909f56bfc062723c751e8b465ee728b)  -> (artifact id: '314b424e5cea99074a2a73dfee110ac3') in 0.028556 seconds 
========================================================================
Received Import Request.
  Time since last request: 0.000023 seconds.
  path: Assets/PolygonFantasyKingdom/Prefabs/Castle/SM_Bld_Stairs_Round_S_Roof_01.prefab
  artifactKey: Guid(4efce3fbd7d5f2645b0a23bf039496fc) Importer(815301076,1909f56bfc062723c751e8b465ee728b)
Start importing Assets/PolygonFantasyKingdom/Prefabs/Castle/SM_Bld_Stairs_Round_S_Roof_01.prefab using Guid(4efce3fbd7d5f2645b0a23bf039496fc) Importer(815301076,1909f56bfc062723c751e8b465ee728b)  -> (artifact id: '5d5c3e3bae7585f1a8ddc4bd78084924') in 0.024251 seconds 
========================================================================
Received Import Request.
  Time since last request: 0.000049 seconds.
  path: Assets/PolygonFantasyKingdom/Prefabs/Castle/SM_Bld_Stairs_Round_M_Wood__01.prefab
  artifactKey: Guid(2cd49c76da794024682b81e539b2ec25) Importer(815301076,1909f56bfc062723c751e8b465ee728b)
Start importing Assets/PolygonFantasyKingdom/Prefabs/Castle/SM_Bld_Stairs_Round_M_Wood__01.prefab using Guid(2cd49c76da794024682b81e539b2ec25) Importer(815301076,1909f56bfc062723c751e8b465ee728b)  -> (artifact id: '332f9d9275b1d575b8a8e61f6327bd57') in 0.047244 seconds 
========================================================================
Received Import Request.
  Time since last request: 0.000024 seconds.
  path: Assets/PolygonFantasyKingdom/Prefabs/Castle/SM_Bld_Stairs_Round_L_Wood_Floor_01.prefab
  artifactKey: Guid(d869969df51d9834e961ed8dd9a6cc94) Importer(815301076,1909f56bfc062723c751e8b465ee728b)
Start importing Assets/PolygonFantasyKingdom/Prefabs/Castle/SM_Bld_Stairs_Round_L_Wood_Floor_01.prefab using Guid(d869969df51d9834e961ed8dd9a6cc94) Importer(815301076,1909f56bfc062723c751e8b465ee728b)  -> (artifact id: 'e28359aae34bca93e27e2cfee045c0d7') in 0.050609 seconds 
========================================================================
Received Import Request.
  Time since last request: 0.000022 seconds.
  path: Assets/PolygonFantasyKingdom/Prefabs/Castle/SM_Bld_Castle_Wall_Gate_L_01.prefab
  artifactKey: Guid(e4616f0d4fa69d044997ad5e4d02b148) Importer(815301076,1909f56bfc062723c751e8b465ee728b)
Start importing Assets/PolygonFantasyKingdom/Prefabs/Castle/SM_Bld_Castle_Wall_Gate_L_01.prefab using Guid(e4616f0d4fa69d044997ad5e4d02b148) Importer(815301076,1909f56bfc062723c751e8b465ee728b)  -> (artifact id: '4f16827a9281cf424208c48347169571') in 0.069877 seconds 
========================================================================
Received Import Request.
  Time since last request: 0.000016 seconds.
  path: Assets/PolygonFantasyKingdom/Prefabs/Castle/SM_Bld_Keep_Pillar_04.prefab
  artifactKey: Guid(49d2da42a5c6f3045be3d16b62c5e1bf) Importer(815301076,1909f56bfc062723c751e8b465ee728b)
Start importing Assets/PolygonFantasyKingdom/Prefabs/Castle/SM_Bld_Keep_Pillar_04.prefab using Guid(49d2da42a5c6f3045be3d16b62c5e1bf) Importer(815301076,1909f56bfc062723c751e8b465ee728b)  -> (artifact id: '31fb2be4b3ff555f0e730b2ebee460a5') in 0.028459 seconds 
========================================================================
Received Import Request.
  Time since last request: 0.000015 seconds.
  path: Assets/PolygonFantasyKingdom/Prefabs/Castle/SM_Bld_Wall_Wood_Beams_01.prefab
  artifactKey: Guid(453ae832c3efbdb49aa626293f925525) Importer(815301076,1909f56bfc062723c751e8b465ee728b)
Start importing Assets/PolygonFantasyKingdom/Prefabs/Castle/SM_Bld_Wall_Wood_Beams_01.prefab using Guid(453ae832c3efbdb49aa626293f925525) Importer(815301076,1909f56bfc062723c751e8b465ee728b)  -> (artifact id: '83060a7b19697f9fa53512dbf4e5511d') in 0.041594 seconds 
========================================================================
Received Import Request.
  Time since last request: 1.430399 seconds.
  path: Assets/PolygonFantasyKingdom/Prefabs/Castle/SM_Bld_Wood_Beam_01.prefab
  artifactKey: Guid(6c2bda97a43d6424980f793619552720) Importer(815301076,1909f56bfc062723c751e8b465ee728b)
Start importing Assets/PolygonFantasyKingdom/Prefabs/Castle/SM_Bld_Wood_Beam_01.prefab using Guid(6c2bda97a43d6424980f793619552720) Importer(815301076,1909f56bfc062723c751e8b465ee728b)  -> (artifact id: 'af043fb8ad21076952a49e82d968ed68') in 0.040465 seconds 
========================================================================
Received Import Request.
  Time since last request: 138.630204 seconds.
  path: Assets/PolygonFantasyKingdom/Prefabs/Props/Preset
  artifactKey: Guid(f5b6f78c4c6f11043a8ccb7a546dce62) Importer(815301076,1909f56bfc062723c751e8b465ee728b)
Start importing Assets/PolygonFantasyKingdom/Prefabs/Props/Preset using Guid(f5b6f78c4c6f11043a8ccb7a546dce62) Importer(815301076,1909f56bfc062723c751e8b465ee728b)  -> (artifact id: '0ae9f1edf3d8693afb10434fc02ced6d') in 0.005397 seconds 
========================================================================
Received Prepare
Registering precompiled user dll's ...
Registered in 0.002603 seconds.
Begin MonoManager ReloadAssembly
Symbol file LoadedFromMemory doesn't match image F:\Documents\GitHub\AWN2PC_RELMAN\Library\PackageCache\com.unity.visualscripting@1.7.6\Editor\VisualScripting.Core\Dependencies\YamlDotNet\Unity.VisualScripting.YamlDotNet.dll
Symbol file LoadedFromMemory doesn't match image F:\Documents\GitHub\AWN2PC_RELMAN\Library\PackageCache\com.unity.visualscripting@1.7.6\Editor\VisualScripting.Core\Dependencies\DotNetZip\Unity.VisualScripting.IonicZip.dll
Native extension for WindowsStandalone target not found
Refreshing native plugins compatible for Editor in 1.18 ms, found 5 plugins.
Preloading 0 native plugins for Editor in 0.00 ms.
Warning: Annotation not found!
UnityEngine.StackTraceUtility:ExtractStackTrace ()
UnityEditor.ProBuilder.EditorUtility:SetGizmoIconEnabled (System.Type,bool) (at Library/PackageCache/com.unity.probuilder@5.0.3/Editor/EditorCore/EditorUtility.cs:575)
UnityEditor.ProBuilder.HierarchyListener:.cctor () (at Library/PackageCache/com.unity.probuilder@5.0.3/Editor/EditorCore/HierarchyListener.cs:21)
System.Runtime.CompilerServices.RuntimeHelpers:RunClassConstructor (System.RuntimeTypeHandle)
UnityEditor.EditorAssemblies:ProcessInitializeOnLoadAttributes (System.Type[])

[Library/PackageCache/com.unity.probuilder@5.0.3/Editor/EditorCore/EditorUtility.cs line 575]

Mono: successfully reloaded assembly
- Completed reload, in  0.756 seconds
Domain Reload Profiling:
	ReloadAssembly (757ms)
		BeginReloadAssembly (97ms)
			ExecutionOrderSort (0ms)
			DisableScriptedObjects (3ms)
			BackupInstance (0ms)
			ReleaseScriptingObjects (0ms)
			CreateAndSetChildDomain (31ms)
		EndReloadAssembly (598ms)
			LoadAssemblies (47ms)
			RebuildTransferFunctionScriptingTraits (0ms)
			SetupTypeCache (142ms)
			ReleaseScriptCaches (1ms)
			RebuildScriptCaches (27ms)
			SetupLoadedEditorAssemblies (313ms)
				LogAssemblyErrors (0ms)
				InitializePlatformSupportModulesInManaged (9ms)
				SetLoadedEditorAssemblies (0ms)
				RefreshPlugins (1ms)
				BeforeProcessingInitializeOnLoad (48ms)
				ProcessInitializeOnLoadAttributes (200ms)
				ProcessInitializeOnLoadMethodAttributes (49ms)
				AfterProcessingInitializeOnLoad (5ms)
				EditorAssembliesLoaded (0ms)
			ExecutionOrderSort2 (0ms)
			AwakeInstancesAfterBackupRestoration (7ms)
Platform modules already initialized, skipping
Refreshing native plugins compatible for Editor in 1.26 ms, found 5 plugins.
Preloading 0 native plugins for Editor in 0.00 ms.
Unloading 3827 Unused Serialized files (Serialized files now loaded: 0)
Unloading 36 unused Assets / (140.1 KB). Loaded Objects now: 4352.
Memory consumption went from 153.3 MB to 153.2 MB.
Total: 3.164200 ms (FindLiveObjects: 0.248100 ms CreateObjectMapping: 0.085200 ms MarkObjects: 2.736800 ms  DeleteObjects: 0.093300 ms)

AssetImportParameters requested are different than current active one (requested -> active):
  custom:video-decoder-ogg-theora: a1e56fd34408186e4bbccfd4996cb3dc -> 
  custom:container-muxer-webm: aa71ff27fc2769a1b78a27578f13a17b -> 
  custom:container-demuxer-webm: 4f35f7cbe854078d1ac9338744f61a02 -> 
  custom:video-encoder-webm-vp8: eb34c28f22e8b96e1ab97ce403110664 -> 
  custom:audio-encoder-webm-vorbis: bf7c407c2cedff20999df2af8eb42d56 -> 
  custom:framework-win-MediaFoundation: 216162199b28c13a410421893ffa2e32 -> 
  custom:container-demuxer-ogg: 62fdf1f143b41e24485cea50d1cbac27 -> 
  custom:video-decoder-webm-vp8: 9c59270c3fd7afecdb556c50c9e8de78 -> 
  custom:audio-decoder-ogg-vorbis: bf7c407c2cedff20999df2af8eb42d56 -> 
========================================================================
Received Import Request.
  Time since last request: 556.715354 seconds.
  path: Assets/Lamp.cs
  artifactKey: Guid(eb4d3ed4deb62434680607c1a4ea7182) Importer(815301076,1909f56bfc062723c751e8b465ee728b)
Start importing Assets/Lamp.cs using Guid(eb4d3ed4deb62434680607c1a4ea7182) Importer(815301076,1909f56bfc062723c751e8b465ee728b)  -> (artifact id: 'ea617f498978eb86fe0d3558ec080d42') in 0.026794 seconds 
